********************************************************************************
DUPLICATOR-LITE PACKAGE-LOG: 27.07.2023 18:48
NOTICE: Do NOT post to public sites or forums 
********************************************************************************
VERSION:	1.5.5.1
WORDPRESS:	6.2.2
PHP INFO:	8.1.5 | SAPI: apache2handler
SERVER:		Apache 
PHP TIME LIMIT: (0) no time limit imposed 
PHP MAX MEMORY: 4294967296 (1536M default) 
MEMORY STACK: 48MB

********************************************************************************
DATABASE:
********************************************************************************
BUILD MODE:   MYSQLDUMP
MYSQLTIMEOUT: 5000
MYSQLDUMP:    Is Supported
SQL CREATED: 20230727_ochevidno_2065d3f4e63c613d3896_20230727184750_database.sql
SQL FILE SIZE: 1.7MB (1783373)
SQL FILE TIME: 2023-07-27 18:48:20
SQL RUNTIME: 7.16 sec.

********************************************************************************
ARCHIVE (ZIP):
********************************************************************************
ARCHIVE DIR:  C:/OpenServer/domains/wp-ochevidno
ARCHIVE FILE: 20230727_ochevidno_2065d3f4e63c613d3896_20230727184750_archive.zip
FILTERS: *OFF*
DIRS:
	not set
FILES:
	not set
EXTS:  not set
----------------------------------------
COMPRESSING
SIZE:	214.14MB
STATS:	Dirs 859 | Files 5,285
SQL ADDED: 20230727_ochevidno_2065d3f4e63c613d3896_20230727184750_database.sql
ZipArchive Object
(
    [lastId] => 6143
    [status] => 0
    [statusSys] => 0
    [numFiles] => 6144
    [filename] => C:\OpenServer\domains\wp-ochevidno\wp-content\backups-dup-lite\tmp\20230727_ochevidno_2065d3f4e63c613d3896_20230727184750_archive.zip
    [comment] => 
)

FILE ADDED TO ZIP: 6143
COMPRESSION RESULT: '1'
COMPRESSED SIZE: 145.07MB
ARCHIVE RUNTIME: 44.41 sec.
MEMORY STACK: 50MB
building installer
ARCHIVE CONSISTENCY TEST: PASS

********************************************************************************
INTEGRITY CHECKS:
********************************************************************************
SQL FILE: 1.7MB
INSTALLER FILE: 73.48KB
ARCHIVE FILE: 146.96MB 
EXPECTED FILE/DIRECTORY COUNT: 6,144
ACTUAL FILE/DIRECTORY COUNT: 6,143
ARCHIVE CONSISTENCY TEST: Pass

********************************************************************************
RECORD ID:[1]
TOTAL PROCESS RUNTIME: 53.44 sec.
PEAK PHP MEMORY USED: 52MB
DONE PROCESSING => 20230727_ochevidno 27.07.2023 18:49

